2026-02-05T17:36:46.677410Z DEBUG ralph_core::config: Loading configuration from file path=ralph.yml
2026-02-05T17:36:46.677611Z DEBUG ralph_core::config: Configuration loaded backend=opencode has_v1_fields=false custom_hats=0
2026-02-05T17:36:46.677641Z  INFO ralph: Found existing scratchpad at '.ralph/agent/scratchpad.md', continuing from previous state
2026-02-05T17:36:46.682642Z DEBUG ralph_core::loop_lock: Acquired loop lock at /ralph-dummy/.ralph/loop.lock
2026-02-05T17:36:46.682659Z DEBUG ralph: Acquired loop lock, running as primary loop
2026-02-05T17:36:46.682693Z DEBUG ralph::process_management: Skipping setpgid: keeping foreground process group 3505910
2026-02-05T17:36:46.682706Z DEBUG ralph::loop_runner: Resolving prompt content inline_prompt=None prompt_file=PROMPT.md
2026-02-05T17:36:46.682713Z DEBUG ralph::loop_runner: Checking prompt file path=PROMPT.md exists=true
2026-02-05T17:36:46.682731Z DEBUG ralph::loop_runner: Read prompt from file path=PROMPT.md len=1519
2026-02-05T17:36:46.682808Z DEBUG ralph::loop_runner: Wrote loop ID marker file loop_id=primary-20260205-173646 marker="/ralph-dummy/.ralph/current-loop-id"
2026-02-05T17:36:46.682846Z DEBUG ralph_core::event_loop: Solo mode: Ralph is the only coordinator
2026-02-05T17:36:46.683097Z  INFO ralph_telegram::service: Telegram service starting bot_token=8410...PUjY workspace=/ralph-dummy timeout_secs=300
2026-02-05T17:36:46.683189Z  INFO ralph_telegram::service: Telegram service started — polling for incoming messages
2026-02-05T17:36:46.683194Z  INFO ralph::loop_runner: Robot human-in-the-loop service active bot_token=8410...PUjY timeout_secs=300
2026-02-05T17:36:46.683201Z DEBUG ralph_core::event_loop: Published task.resume event topic="task.resume"
2026-02-05T17:36:46.683397Z DEBUG reqwest::connect: starting new connection: https://api.telegram.org/
2026-02-05T17:36:46.683622Z DEBUG hyper::client::connect::dns: resolving host="api.telegram.org"
2026-02-05T17:36:46.683885Z DEBUG ralph_core::event_logger: Event logged topic=task.resume iteration=0
2026-02-05T17:36:46.700102Z DEBUG hyper::client::connect::http: connecting to 149.154.166.110:443
2026-02-05T17:36:46.785424Z DEBUG ralph::loop_runner: Execution mode configured execution_mode=autonomous
2026-02-05T17:36:46.786222Z DEBUG ralph::loop_runner: Iteration 1/100 - ralph active
2026-02-05T17:36:46.786318Z  INFO ralph_core::event_loop: Memory injection check: enabled=true, inject=Auto, workspace_root="/ralph-dummy"
2026-02-05T17:36:46.786329Z  INFO ralph_core::event_loop: Looking for memories at: "/ralph-dummy/.ralph/agent/memories.md" (exists: false)
2026-02-05T17:36:46.786344Z  INFO ralph_core::event_loop: Successfully loaded 0 memories from store
2026-02-05T17:36:46.786349Z  INFO ralph_core::event_loop: Memory store is empty - no memories to inject
2026-02-05T17:36:46.786364Z DEBUG ralph_core::event_loop: Injected ralph-tools skill from registry
2026-02-05T17:36:46.786372Z DEBUG ralph_core::event_loop: Injected robot interaction skill from registry
2026-02-05T17:36:46.786407Z  INFO ralph_core::event_loop: Injecting scratchpad (10398 chars) into prompt
2026-02-05T17:36:46.786563Z  INFO ralph_core::event_loop: Injecting ready tasks (8 ready, 10 open, 12 closed) into prompt
2026-02-05T17:36:46.786586Z DEBUG ralph_core::event_loop: build_prompt: routing to HatlessRalph (solo mode)
2026-02-05T17:36:46.788891Z DEBUG ralph::loop_runner: Using global backend for 'ralph': opencode
2026-02-05T17:36:46.789086Z DEBUG ralph_adapters::cli_backend: Built CLI command command=opencode args_count=2 prompt_len=29907 interactive=false uses_stdin=false uses_temp_file=false
2026-02-05T17:36:46.790257Z DEBUG ralph_adapters::pty_executor: Spawning PTY output reader thread (streaming mode)
2026-02-05T17:36:46.871380Z DEBUG hyper::client::connect::http: connected to 149.154.166.110:443
2026-02-05T17:36:46.871460Z DEBUG rustls::client::hs: No cached session for DnsName("api.telegram.org")
2026-02-05T17:36:46.871546Z DEBUG rustls::client::hs: Not resuming any session
2026-02-05T17:36:47.042704Z DEBUG rustls::client::hs: Using ciphersuite TLS13_AES_256_GCM_SHA384
2026-02-05T17:36:47.042768Z DEBUG rustls::client::tls13: Not resuming
2026-02-05T17:36:47.042873Z DEBUG rustls::client::tls13: TLS1.3 encrypted extensions: [ServerNameAck, Protocols([ProtocolName(6832)])]
2026-02-05T17:36:47.042883Z DEBUG rustls::client::hs: ALPN protocol is Some(b"h2")
2026-02-05T17:36:47.043399Z DEBUG h2::client: binding client connection
2026-02-05T17:36:47.043428Z DEBUG h2::client: client connection bound
2026-02-05T17:36:47.043452Z DEBUG h2::codec::framed_write: send frame=Settings { flags: (0x0), enable_push: 0, initial_window_size: 2097152, max_frame_size: 16384 }
2026-02-05T17:36:47.043572Z DEBUG hyper::client::pool: pooling idle connection for ("https", api.telegram.org)
2026-02-05T17:36:47.043623Z DEBUG Connection{peer=Client}: h2::codec::framed_write: send frame=WindowUpdate { stream_id: StreamId(0), size_increment: 5177345 }
2026-02-05T17:36:47.043743Z DEBUG Connection{peer=Client}: h2::codec::framed_write: send frame=Headers { stream_id: StreamId(1), flags: (0x4: END_HEADERS) }
2026-02-05T17:36:47.043766Z DEBUG Connection{peer=Client}: h2::codec::framed_write: send frame=Data { stream_id: StreamId(1), flags: (0x1: END_STREAM) }
2026-02-05T17:36:47.214932Z DEBUG Connection{peer=Client}: h2::codec::framed_read: received frame=Settings { flags: (0x0), max_concurrent_streams: 128, initial_window_size: 65536, max_frame_size: 16777215 }
2026-02-05T17:36:47.214970Z DEBUG Connection{peer=Client}: h2::codec::framed_write: send frame=Settings { flags: (0x1: ACK) }
2026-02-05T17:36:47.214979Z DEBUG Connection{peer=Client}: h2::codec::framed_read: received frame=WindowUpdate { stream_id: StreamId(0), size_increment: 2147418112 }
2026-02-05T17:36:47.214985Z DEBUG Connection{peer=Client}: h2::codec::framed_read: received frame=Settings { flags: (0x1: ACK) }
2026-02-05T17:36:47.214988Z DEBUG Connection{peer=Client}: h2::proto::settings: received settings ACK; applying Settings { flags: (0x0), enable_push: 0, initial_window_size: 2097152, max_frame_size: 16384 }
2026-02-05T17:36:47.214993Z DEBUG Connection{peer=Client}: h2::codec::framed_read: received frame=WindowUpdate { stream_id: StreamId(1), size_increment: 2147418111 }
2026-02-05T17:36:47.386649Z DEBUG Connection{peer=Client}: h2::codec::framed_read: received frame=Headers { stream_id: StreamId(1), flags: (0x4: END_HEADERS) }
2026-02-05T17:36:47.386700Z DEBUG Connection{peer=Client}: h2::codec::framed_read: received frame=Data { stream_id: StreamId(1), flags: (0x1: END_STREAM) }
2026-02-05T17:36:47.386836Z  INFO ralph_telegram::service: Registered bot commands with Telegram API
2026-02-05T17:36:47.386842Z  INFO ralph_telegram::service: Telegram polling task started loop_id=main
2026-02-05T17:36:47.386888Z DEBUG hyper::client::pool: reuse idle connection for ("https", api.telegram.org)
2026-02-05T17:36:47.386951Z DEBUG Connection{peer=Client}: h2::codec::framed_write: send frame=Headers { stream_id: StreamId(3), flags: (0x4: END_HEADERS) }
2026-02-05T17:36:47.386979Z DEBUG Connection{peer=Client}: h2::codec::framed_write: send frame=Data { stream_id: StreamId(3), flags: (0x1: END_STREAM) }
2026-02-05T17:36:47.558951Z DEBUG Connection{peer=Client}: h2::codec::framed_read: received frame=WindowUpdate { stream_id: StreamId(3), size_increment: 2147418111 }
2026-02-05T17:36:57.561057Z DEBUG Connection{peer=Client}: h2::codec::framed_read: received frame=Headers { stream_id: StreamId(3), flags: (0x4: END_HEADERS) }
2026-02-05T17:36:57.561846Z DEBUG Connection{peer=Client}: h2::codec::framed_read: received frame=Data { stream_id: StreamId(3), flags: (0x1: END_STREAM) }
2026-02-05T17:36:57.563485Z DEBUG hyper::client::pool: reuse idle connection for ("https", api.telegram.org)
2026-02-05T17:36:57.563554Z DEBUG Connection{peer=Client}: h2::codec::framed_write: send frame=Headers { stream_id: StreamId(5), flags: (0x4: END_HEADERS) }
2026-02-05T17:36:57.563575Z DEBUG Connection{peer=Client}: h2::codec::framed_write: send frame=Data { stream_id: StreamId(5), flags: (0x1: END_STREAM) }
2026-02-05T17:36:57.736146Z DEBUG Connection{peer=Client}: h2::codec::framed_read: received frame=WindowUpdate { stream_id: StreamId(5), size_increment: 2147418111 }
2026-02-05T17:37:07.735986Z DEBUG Connection{peer=Client}: h2::codec::framed_read: received frame=Headers { stream_id: StreamId(5), flags: (0x4: END_HEADERS) }
2026-02-05T17:37:07.736042Z DEBUG Connection{peer=Client}: h2::codec::framed_read: received frame=Data { stream_id: StreamId(5), flags: (0x1: END_STREAM) }
2026-02-05T17:37:07.736271Z DEBUG hyper::client::pool: reuse idle connection for ("https", api.telegram.org)
2026-02-05T17:37:07.736351Z DEBUG Connection{peer=Client}: h2::codec::framed_write: send frame=Headers { stream_id: StreamId(7), flags: (0x4: END_HEADERS) }
2026-02-05T17:37:07.736380Z DEBUG Connection{peer=Client}: h2::codec::framed_write: send frame=Data { stream_id: StreamId(7), flags: (0x1: END_STREAM) }
2026-02-05T17:37:07.907357Z DEBUG Connection{peer=Client}: h2::codec::framed_read: received frame=WindowUpdate { stream_id: StreamId(7), size_increment: 2147418111 }
2026-02-05T17:37:17.908799Z DEBUG Connection{peer=Client}: h2::codec::framed_read: received frame=Headers { stream_id: StreamId(7), flags: (0x4: END_HEADERS) }
2026-02-05T17:37:17.908845Z DEBUG Connection{peer=Client}: h2::codec::framed_read: received frame=Data { stream_id: StreamId(7), flags: (0x1: END_STREAM) }
2026-02-05T17:37:17.908948Z DEBUG hyper::client::pool: reuse idle connection for ("https", api.telegram.org)
2026-02-05T17:37:17.909009Z DEBUG Connection{peer=Client}: h2::codec::framed_write: send frame=Headers { stream_id: StreamId(9), flags: (0x4: END_HEADERS) }
2026-02-05T17:37:17.909036Z DEBUG Connection{peer=Client}: h2::codec::framed_write: send frame=Data { stream_id: StreamId(9), flags: (0x1: END_STREAM) }
2026-02-05T17:37:18.080598Z DEBUG Connection{peer=Client}: h2::codec::framed_read: received frame=WindowUpdate { stream_id: StreamId(9), size_increment: 2147418111 }
2026-02-05T17:37:28.081841Z DEBUG Connection{peer=Client}: h2::codec::framed_read: received frame=Headers { stream_id: StreamId(9), flags: (0x4: END_HEADERS) }
2026-02-05T17:37:28.081892Z DEBUG Connection{peer=Client}: h2::codec::framed_read: received frame=Data { stream_id: StreamId(9), flags: (0x1: END_STREAM) }
2026-02-05T17:37:28.081983Z DEBUG hyper::client::pool: reuse idle connection for ("https", api.telegram.org)
2026-02-05T17:37:28.082028Z DEBUG Connection{peer=Client}: h2::codec::framed_write: send frame=Headers { stream_id: StreamId(11), flags: (0x4: END_HEADERS) }
2026-02-05T17:37:28.082046Z DEBUG Connection{peer=Client}: h2::codec::framed_write: send frame=Data { stream_id: StreamId(11), flags: (0x1: END_STREAM) }
2026-02-05T17:37:28.252838Z DEBUG Connection{peer=Client}: h2::codec::framed_read: received frame=WindowUpdate { stream_id: StreamId(11), size_increment: 2147418111 }
2026-02-05T17:37:38.254683Z DEBUG Connection{peer=Client}: h2::codec::framed_read: received frame=Headers { stream_id: StreamId(11), flags: (0x4: END_HEADERS) }
2026-02-05T17:37:38.254763Z DEBUG Connection{peer=Client}: h2::codec::framed_read: received frame=Data { stream_id: StreamId(11), flags: (0x1: END_STREAM) }
2026-02-05T17:37:38.254890Z DEBUG hyper::client::pool: reuse idle connection for ("https", api.telegram.org)
2026-02-05T17:37:38.255006Z DEBUG Connection{peer=Client}: h2::codec::framed_write: send frame=Headers { stream_id: StreamId(13), flags: (0x4: END_HEADERS) }
2026-02-05T17:37:38.255090Z DEBUG Connection{peer=Client}: h2::codec::framed_write: send frame=Data { stream_id: StreamId(13), flags: (0x1: END_STREAM) }
2026-02-05T17:37:38.427205Z DEBUG Connection{peer=Client}: h2::codec::framed_read: received frame=WindowUpdate { stream_id: StreamId(13), size_increment: 2147418111 }
2026-02-05T17:37:48.428235Z DEBUG Connection{peer=Client}: h2::codec::framed_read: received frame=Headers { stream_id: StreamId(13), flags: (0x4: END_HEADERS) }
2026-02-05T17:37:48.428279Z DEBUG Connection{peer=Client}: h2::codec::framed_read: received frame=Data { stream_id: StreamId(13), flags: (0x1: END_STREAM) }
2026-02-05T17:37:48.428374Z DEBUG hyper::client::pool: reuse idle connection for ("https", api.telegram.org)
2026-02-05T17:37:48.428439Z DEBUG Connection{peer=Client}: h2::codec::framed_write: send frame=Headers { stream_id: StreamId(15), flags: (0x4: END_HEADERS) }
2026-02-05T17:37:48.428456Z DEBUG Connection{peer=Client}: h2::codec::framed_write: send frame=Data { stream_id: StreamId(15), flags: (0x1: END_STREAM) }
2026-02-05T17:37:48.599236Z DEBUG Connection{peer=Client}: h2::codec::framed_read: received frame=WindowUpdate { stream_id: StreamId(15), size_increment: 2147418111 }
2026-02-05T17:37:58.600603Z DEBUG Connection{peer=Client}: h2::codec::framed_read: received frame=Headers { stream_id: StreamId(15), flags: (0x4: END_HEADERS) }
2026-02-05T17:37:58.600668Z DEBUG Connection{peer=Client}: h2::codec::framed_read: received frame=Data { stream_id: StreamId(15), flags: (0x1: END_STREAM) }
2026-02-05T17:37:58.600816Z DEBUG hyper::client::pool: reuse idle connection for ("https", api.telegram.org)
2026-02-05T17:37:58.600887Z DEBUG Connection{peer=Client}: h2::codec::framed_write: send frame=Headers { stream_id: StreamId(17), flags: (0x4: END_HEADERS) }
2026-02-05T17:37:58.600912Z DEBUG Connection{peer=Client}: h2::codec::framed_write: send frame=Data { stream_id: StreamId(17), flags: (0x1: END_STREAM) }
2026-02-05T17:37:58.772135Z DEBUG Connection{peer=Client}: h2::codec::framed_read: received frame=WindowUpdate { stream_id: StreamId(17), size_increment: 2147418111 }
2026-02-05T17:38:08.773835Z DEBUG Connection{peer=Client}: h2::codec::framed_read: received frame=Headers { stream_id: StreamId(17), flags: (0x4: END_HEADERS) }
2026-02-05T17:38:08.773873Z DEBUG Connection{peer=Client}: h2::codec::framed_read: received frame=Data { stream_id: StreamId(17), flags: (0x1: END_STREAM) }
2026-02-05T17:38:08.773972Z DEBUG hyper::client::pool: reuse idle connection for ("https", api.telegram.org)
2026-02-05T17:38:08.774018Z DEBUG Connection{peer=Client}: h2::codec::framed_write: send frame=Headers { stream_id: StreamId(19), flags: (0x4: END_HEADERS) }
2026-02-05T17:38:08.774035Z DEBUG Connection{peer=Client}: h2::codec::framed_write: send frame=Data { stream_id: StreamId(19), flags: (0x1: END_STREAM) }
2026-02-05T17:38:08.944793Z DEBUG Connection{peer=Client}: h2::codec::framed_read: received frame=WindowUpdate { stream_id: StreamId(19), size_increment: 2147418111 }
2026-02-05T17:38:18.946660Z DEBUG Connection{peer=Client}: h2::codec::framed_read: received frame=Headers { stream_id: StreamId(19), flags: (0x4: END_HEADERS) }
2026-02-05T17:38:18.946731Z DEBUG Connection{peer=Client}: h2::codec::framed_read: received frame=Data { stream_id: StreamId(19), flags: (0x1: END_STREAM) }
2026-02-05T17:38:18.946875Z DEBUG hyper::client::pool: reuse idle connection for ("https", api.telegram.org)
2026-02-05T17:38:18.946970Z DEBUG Connection{peer=Client}: h2::codec::framed_write: send frame=Headers { stream_id: StreamId(21), flags: (0x4: END_HEADERS) }
2026-02-05T17:38:18.947003Z DEBUG Connection{peer=Client}: h2::codec::framed_write: send frame=Data { stream_id: StreamId(21), flags: (0x1: END_STREAM) }
2026-02-05T17:38:19.118919Z DEBUG Connection{peer=Client}: h2::codec::framed_read: received frame=WindowUpdate { stream_id: StreamId(21), size_increment: 2147418111 }
2026-02-05T17:38:29.120791Z DEBUG Connection{peer=Client}: h2::codec::framed_read: received frame=Headers { stream_id: StreamId(21), flags: (0x4: END_HEADERS) }
2026-02-05T17:38:29.120834Z DEBUG Connection{peer=Client}: h2::codec::framed_read: received frame=Data { stream_id: StreamId(21), flags: (0x1: END_STREAM) }
2026-02-05T17:38:29.120934Z DEBUG hyper::client::pool: reuse idle connection for ("https", api.telegram.org)
2026-02-05T17:38:29.120993Z DEBUG Connection{peer=Client}: h2::codec::framed_write: send frame=Headers { stream_id: StreamId(23), flags: (0x4: END_HEADERS) }
2026-02-05T17:38:29.121027Z DEBUG Connection{peer=Client}: h2::codec::framed_write: send frame=Data { stream_id: StreamId(23), flags: (0x1: END_STREAM) }
2026-02-05T17:38:29.292122Z DEBUG Connection{peer=Client}: h2::codec::framed_read: received frame=WindowUpdate { stream_id: StreamId(23), size_increment: 2147418111 }
2026-02-05T17:38:39.294414Z DEBUG Connection{peer=Client}: h2::codec::framed_read: received frame=Headers { stream_id: StreamId(23), flags: (0x4: END_HEADERS) }
2026-02-05T17:38:39.294464Z DEBUG Connection{peer=Client}: h2::codec::framed_read: received frame=Data { stream_id: StreamId(23), flags: (0x1: END_STREAM) }
2026-02-05T17:38:39.294564Z DEBUG hyper::client::pool: reuse idle connection for ("https", api.telegram.org)
2026-02-05T17:38:39.294610Z DEBUG Connection{peer=Client}: h2::codec::framed_write: send frame=Headers { stream_id: StreamId(25), flags: (0x4: END_HEADERS) }
2026-02-05T17:38:39.294627Z DEBUG Connection{peer=Client}: h2::codec::framed_write: send frame=Data { stream_id: StreamId(25), flags: (0x1: END_STREAM) }
2026-02-05T17:38:39.465442Z DEBUG Connection{peer=Client}: h2::codec::framed_read: received frame=WindowUpdate { stream_id: StreamId(25), size_increment: 2147418111 }
2026-02-05T17:38:49.466379Z DEBUG Connection{peer=Client}: h2::codec::framed_read: received frame=Headers { stream_id: StreamId(25), flags: (0x4: END_HEADERS) }
2026-02-05T17:38:49.466443Z DEBUG Connection{peer=Client}: h2::codec::framed_read: received frame=Data { stream_id: StreamId(25), flags: (0x1: END_STREAM) }
2026-02-05T17:38:49.466590Z DEBUG hyper::client::pool: reuse idle connection for ("https", api.telegram.org)
2026-02-05T17:38:49.466661Z DEBUG Connection{peer=Client}: h2::codec::framed_write: send frame=Headers { stream_id: StreamId(27), flags: (0x4: END_HEADERS) }
2026-02-05T17:38:49.466689Z DEBUG Connection{peer=Client}: h2::codec::framed_write: send frame=Data { stream_id: StreamId(27), flags: (0x1: END_STREAM) }
2026-02-05T17:38:49.638133Z DEBUG Connection{peer=Client}: h2::codec::framed_read: received frame=WindowUpdate { stream_id: StreamId(27), size_increment: 2147418111 }
2026-02-05T17:38:59.639439Z DEBUG Connection{peer=Client}: h2::codec::framed_read: received frame=Headers { stream_id: StreamId(27), flags: (0x4: END_HEADERS) }
2026-02-05T17:38:59.639495Z DEBUG Connection{peer=Client}: h2::codec::framed_read: received frame=Data { stream_id: StreamId(27), flags: (0x1: END_STREAM) }
2026-02-05T17:38:59.639594Z DEBUG hyper::client::pool: reuse idle connection for ("https", api.telegram.org)
2026-02-05T17:38:59.639655Z DEBUG Connection{peer=Client}: h2::codec::framed_write: send frame=Headers { stream_id: StreamId(29), flags: (0x4: END_HEADERS) }
2026-02-05T17:38:59.639689Z DEBUG Connection{peer=Client}: h2::codec::framed_write: send frame=Data { stream_id: StreamId(29), flags: (0x1: END_STREAM) }
2026-02-05T17:38:59.810461Z DEBUG Connection{peer=Client}: h2::codec::framed_read: received frame=WindowUpdate { stream_id: StreamId(29), size_increment: 2147418111 }
2026-02-05T17:39:09.812128Z DEBUG Connection{peer=Client}: h2::codec::framed_read: received frame=Headers { stream_id: StreamId(29), flags: (0x4: END_HEADERS) }
2026-02-05T17:39:09.812179Z DEBUG Connection{peer=Client}: h2::codec::framed_read: received frame=Data { stream_id: StreamId(29), flags: (0x1: END_STREAM) }
2026-02-05T17:39:09.812273Z DEBUG hyper::client::pool: reuse idle connection for ("https", api.telegram.org)
2026-02-05T17:39:09.812335Z DEBUG Connection{peer=Client}: h2::codec::framed_write: send frame=Headers { stream_id: StreamId(31), flags: (0x4: END_HEADERS) }
2026-02-05T17:39:09.812377Z DEBUG Connection{peer=Client}: h2::codec::framed_write: send frame=Data { stream_id: StreamId(31), flags: (0x1: END_STREAM) }
2026-02-05T17:39:09.986642Z DEBUG Connection{peer=Client}: h2::codec::framed_read: received frame=WindowUpdate { stream_id: StreamId(31), size_increment: 2147418111 }
2026-02-05T17:39:19.989981Z DEBUG Connection{peer=Client}: h2::codec::framed_read: received frame=Headers { stream_id: StreamId(31), flags: (0x4: END_HEADERS) }
2026-02-05T17:39:19.990033Z DEBUG Connection{peer=Client}: h2::codec::framed_read: received frame=Data { stream_id: StreamId(31), flags: (0x1: END_STREAM) }
2026-02-05T17:39:19.990149Z DEBUG hyper::client::pool: reuse idle connection for ("https", api.telegram.org)
2026-02-05T17:39:19.990230Z DEBUG Connection{peer=Client}: h2::codec::framed_write: send frame=Headers { stream_id: StreamId(33), flags: (0x4: END_HEADERS) }
2026-02-05T17:39:19.990267Z DEBUG Connection{peer=Client}: h2::codec::framed_write: send frame=Data { stream_id: StreamId(33), flags: (0x1: END_STREAM) }
2026-02-05T17:39:20.161091Z DEBUG Connection{peer=Client}: h2::codec::framed_read: received frame=WindowUpdate { stream_id: StreamId(33), size_increment: 2147418111 }
2026-02-05T17:39:30.163282Z DEBUG Connection{peer=Client}: h2::codec::framed_read: received frame=Headers { stream_id: StreamId(33), flags: (0x4: END_HEADERS) }
2026-02-05T17:39:30.163354Z DEBUG Connection{peer=Client}: h2::codec::framed_read: received frame=Data { stream_id: StreamId(33), flags: (0x1: END_STREAM) }
2026-02-05T17:39:30.163495Z DEBUG hyper::client::pool: reuse idle connection for ("https", api.telegram.org)
2026-02-05T17:39:30.163555Z DEBUG Connection{peer=Client}: h2::codec::framed_write: send frame=Headers { stream_id: StreamId(35), flags: (0x4: END_HEADERS) }
2026-02-05T17:39:30.163580Z DEBUG Connection{peer=Client}: h2::codec::framed_write: send frame=Data { stream_id: StreamId(35), flags: (0x1: END_STREAM) }
2026-02-05T17:39:30.334323Z DEBUG Connection{peer=Client}: h2::codec::framed_read: received frame=WindowUpdate { stream_id: StreamId(35), size_increment: 2147418111 }
2026-02-05T17:39:40.336680Z DEBUG Connection{peer=Client}: h2::codec::framed_read: received frame=Headers { stream_id: StreamId(35), flags: (0x4: END_HEADERS) }
2026-02-05T17:39:40.336736Z DEBUG Connection{peer=Client}: h2::codec::framed_read: received frame=Data { stream_id: StreamId(35), flags: (0x1: END_STREAM) }
2026-02-05T17:39:40.336834Z DEBUG hyper::client::pool: reuse idle connection for ("https", api.telegram.org)
2026-02-05T17:39:40.336885Z DEBUG Connection{peer=Client}: h2::codec::framed_write: send frame=Headers { stream_id: StreamId(37), flags: (0x4: END_HEADERS) }
2026-02-05T17:39:40.336904Z DEBUG Connection{peer=Client}: h2::codec::framed_write: send frame=Data { stream_id: StreamId(37), flags: (0x1: END_STREAM) }
2026-02-05T17:39:40.507691Z DEBUG Connection{peer=Client}: h2::codec::framed_read: received frame=WindowUpdate { stream_id: StreamId(37), size_increment: 2147418111 }
2026-02-05T17:39:50.508205Z DEBUG Connection{peer=Client}: h2::codec::framed_read: received frame=Headers { stream_id: StreamId(37), flags: (0x4: END_HEADERS) }
2026-02-05T17:39:50.508261Z DEBUG Connection{peer=Client}: h2::codec::framed_read: received frame=Data { stream_id: StreamId(37), flags: (0x1: END_STREAM) }
2026-02-05T17:39:50.508370Z DEBUG hyper::client::pool: reuse idle connection for ("https", api.telegram.org)
2026-02-05T17:39:50.508448Z DEBUG Connection{peer=Client}: h2::codec::framed_write: send frame=Headers { stream_id: StreamId(39), flags: (0x4: END_HEADERS) }
2026-02-05T17:39:50.508482Z DEBUG Connection{peer=Client}: h2::codec::framed_write: send frame=Data { stream_id: StreamId(39), flags: (0x1: END_STREAM) }
2026-02-05T17:39:50.679247Z DEBUG Connection{peer=Client}: h2::codec::framed_read: received frame=WindowUpdate { stream_id: StreamId(39), size_increment: 2147418111 }
2026-02-05T17:40:00.680716Z DEBUG Connection{peer=Client}: h2::codec::framed_read: received frame=Headers { stream_id: StreamId(39), flags: (0x4: END_HEADERS) }
2026-02-05T17:40:00.680820Z DEBUG Connection{peer=Client}: h2::codec::framed_read: received frame=Data { stream_id: StreamId(39), flags: (0x1: END_STREAM) }
2026-02-05T17:40:00.681025Z DEBUG hyper::client::pool: reuse idle connection for ("https", api.telegram.org)
2026-02-05T17:40:00.681109Z DEBUG Connection{peer=Client}: h2::codec::framed_write: send frame=Headers { stream_id: StreamId(41), flags: (0x4: END_HEADERS) }
2026-02-05T17:40:00.681154Z DEBUG Connection{peer=Client}: h2::codec::framed_write: send frame=Data { stream_id: StreamId(41), flags: (0x1: END_STREAM) }
2026-02-05T17:40:00.852631Z DEBUG Connection{peer=Client}: h2::codec::framed_read: received frame=WindowUpdate { stream_id: StreamId(41), size_increment: 2147418111 }
2026-02-05T17:40:10.853824Z DEBUG Connection{peer=Client}: h2::codec::framed_read: received frame=Headers { stream_id: StreamId(41), flags: (0x4: END_HEADERS) }
2026-02-05T17:40:10.853889Z DEBUG Connection{peer=Client}: h2::codec::framed_read: received frame=Data { stream_id: StreamId(41), flags: (0x1: END_STREAM) }
2026-02-05T17:40:10.854056Z DEBUG hyper::client::pool: reuse idle connection for ("https", api.telegram.org)
2026-02-05T17:40:10.854164Z DEBUG Connection{peer=Client}: h2::codec::framed_write: send frame=Headers { stream_id: StreamId(43), flags: (0x4: END_HEADERS) }
2026-02-05T17:40:10.854198Z DEBUG Connection{peer=Client}: h2::codec::framed_write: send frame=Data { stream_id: StreamId(43), flags: (0x1: END_STREAM) }
2026-02-05T17:40:11.025357Z DEBUG Connection{peer=Client}: h2::codec::framed_read: received frame=WindowUpdate { stream_id: StreamId(43), size_increment: 2147418111 }
2026-02-05T17:40:21.028174Z DEBUG Connection{peer=Client}: h2::codec::framed_read: received frame=Headers { stream_id: StreamId(43), flags: (0x4: END_HEADERS) }
2026-02-05T17:40:21.028223Z DEBUG Connection{peer=Client}: h2::codec::framed_read: received frame=Data { stream_id: StreamId(43), flags: (0x1: END_STREAM) }
2026-02-05T17:40:21.028331Z DEBUG hyper::client::pool: reuse idle connection for ("https", api.telegram.org)
2026-02-05T17:40:21.028401Z DEBUG Connection{peer=Client}: h2::codec::framed_write: send frame=Headers { stream_id: StreamId(45), flags: (0x4: END_HEADERS) }
2026-02-05T17:40:21.028422Z DEBUG Connection{peer=Client}: h2::codec::framed_write: send frame=Data { stream_id: StreamId(45), flags: (0x1: END_STREAM) }
2026-02-05T17:40:21.199778Z DEBUG Connection{peer=Client}: h2::codec::framed_read: received frame=WindowUpdate { stream_id: StreamId(45), size_increment: 2147418111 }
2026-02-05T17:40:31.201773Z DEBUG Connection{peer=Client}: h2::codec::framed_read: received frame=Headers { stream_id: StreamId(45), flags: (0x4: END_HEADERS) }
2026-02-05T17:40:31.201841Z DEBUG Connection{peer=Client}: h2::codec::framed_read: received frame=Data { stream_id: StreamId(45), flags: (0x1: END_STREAM) }
2026-02-05T17:40:31.201962Z DEBUG hyper::client::pool: reuse idle connection for ("https", api.telegram.org)
2026-02-05T17:40:31.202014Z DEBUG Connection{peer=Client}: h2::codec::framed_write: send frame=Headers { stream_id: StreamId(47), flags: (0x4: END_HEADERS) }
2026-02-05T17:40:31.202036Z DEBUG Connection{peer=Client}: h2::codec::framed_write: send frame=Data { stream_id: StreamId(47), flags: (0x1: END_STREAM) }
2026-02-05T17:40:31.372807Z DEBUG Connection{peer=Client}: h2::codec::framed_read: received frame=WindowUpdate { stream_id: StreamId(47), size_increment: 2147418111 }
2026-02-05T17:40:41.374083Z DEBUG Connection{peer=Client}: h2::codec::framed_read: received frame=Headers { stream_id: StreamId(47), flags: (0x4: END_HEADERS) }
2026-02-05T17:40:41.374140Z DEBUG Connection{peer=Client}: h2::codec::framed_read: received frame=Data { stream_id: StreamId(47), flags: (0x1: END_STREAM) }
2026-02-05T17:40:41.374248Z DEBUG hyper::client::pool: reuse idle connection for ("https", api.telegram.org)
2026-02-05T17:40:41.374303Z DEBUG Connection{peer=Client}: h2::codec::framed_write: send frame=Headers { stream_id: StreamId(49), flags: (0x4: END_HEADERS) }
2026-02-05T17:40:41.374347Z DEBUG Connection{peer=Client}: h2::codec::framed_write: send frame=Data { stream_id: StreamId(49), flags: (0x1: END_STREAM) }
2026-02-05T17:40:41.545805Z DEBUG Connection{peer=Client}: h2::codec::framed_read: received frame=WindowUpdate { stream_id: StreamId(49), size_increment: 2147418111 }
2026-02-05T17:40:51.547820Z DEBUG Connection{peer=Client}: h2::codec::framed_read: received frame=Headers { stream_id: StreamId(49), flags: (0x4: END_HEADERS) }
2026-02-05T17:40:51.547875Z DEBUG Connection{peer=Client}: h2::codec::framed_read: received frame=Data { stream_id: StreamId(49), flags: (0x1: END_STREAM) }
2026-02-05T17:40:51.547995Z DEBUG hyper::client::pool: reuse idle connection for ("https", api.telegram.org)
2026-02-05T17:40:51.548053Z DEBUG Connection{peer=Client}: h2::codec::framed_write: send frame=Headers { stream_id: StreamId(51), flags: (0x4: END_HEADERS) }
2026-02-05T17:40:51.548107Z DEBUG Connection{peer=Client}: h2::codec::framed_write: send frame=Data { stream_id: StreamId(51), flags: (0x1: END_STREAM) }
2026-02-05T17:40:51.719198Z DEBUG Connection{peer=Client}: h2::codec::framed_read: received frame=WindowUpdate { stream_id: StreamId(51), size_increment: 2147418111 }
2026-02-05T17:41:01.719938Z DEBUG Connection{peer=Client}: h2::codec::framed_read: received frame=Headers { stream_id: StreamId(51), flags: (0x4: END_HEADERS) }
2026-02-05T17:41:01.720012Z DEBUG Connection{peer=Client}: h2::codec::framed_read: received frame=Data { stream_id: StreamId(51), flags: (0x1: END_STREAM) }
2026-02-05T17:41:01.720193Z DEBUG hyper::client::pool: reuse idle connection for ("https", api.telegram.org)
2026-02-05T17:41:01.720258Z DEBUG Connection{peer=Client}: h2::codec::framed_write: send frame=Headers { stream_id: StreamId(53), flags: (0x4: END_HEADERS) }
2026-02-05T17:41:01.720281Z DEBUG Connection{peer=Client}: h2::codec::framed_write: send frame=Data { stream_id: StreamId(53), flags: (0x1: END_STREAM) }
2026-02-05T17:41:01.891104Z DEBUG Connection{peer=Client}: h2::codec::framed_read: received frame=WindowUpdate { stream_id: StreamId(53), size_increment: 2147418111 }
2026-02-05T17:41:11.892623Z DEBUG Connection{peer=Client}: h2::codec::framed_read: received frame=Headers { stream_id: StreamId(53), flags: (0x4: END_HEADERS) }
2026-02-05T17:41:11.892685Z DEBUG Connection{peer=Client}: h2::codec::framed_read: received frame=Data { stream_id: StreamId(53), flags: (0x1: END_STREAM) }
2026-02-05T17:41:11.892793Z DEBUG hyper::client::pool: reuse idle connection for ("https", api.telegram.org)
2026-02-05T17:41:11.892841Z DEBUG Connection{peer=Client}: h2::codec::framed_write: send frame=Headers { stream_id: StreamId(55), flags: (0x4: END_HEADERS) }
2026-02-05T17:41:11.892859Z DEBUG Connection{peer=Client}: h2::codec::framed_write: send frame=Data { stream_id: StreamId(55), flags: (0x1: END_STREAM) }
2026-02-05T17:41:12.063859Z DEBUG Connection{peer=Client}: h2::codec::framed_read: received frame=WindowUpdate { stream_id: StreamId(55), size_increment: 2147418111 }
