2026-02-06T01:14:57.295166Z DEBUG ralph_core::config: Loading configuration from file path=ralph.yml
2026-02-06T01:14:57.295459Z DEBUG ralph_core::config: Configuration loaded backend=opencode has_v1_fields=false custom_hats=0
2026-02-06T01:14:57.295502Z  INFO ralph: Found existing scratchpad at '.ralph/agent/scratchpad.md', continuing from previous state
2026-02-06T01:14:57.301202Z DEBUG ralph_core::loop_lock: Acquired loop lock at /ralph-dummy/.ralph/loop.lock
2026-02-06T01:14:57.301221Z DEBUG ralph: Acquired loop lock, running as primary loop
2026-02-06T01:14:57.301263Z DEBUG ralph::process_management: Skipping setpgid: keeping foreground process group 3942617
2026-02-06T01:14:57.301285Z DEBUG ralph::loop_runner: Resolving prompt content inline_prompt=None prompt_file=PROMPT.md
2026-02-06T01:14:57.301296Z DEBUG ralph::loop_runner: Checking prompt file path=PROMPT.md exists=true
2026-02-06T01:14:57.301314Z DEBUG ralph::loop_runner: Read prompt from file path=PROMPT.md len=1519
2026-02-06T01:14:57.301410Z DEBUG ralph::loop_runner: Wrote loop ID marker file loop_id=primary-20260206-011457 marker="/ralph-dummy/.ralph/current-loop-id"
2026-02-06T01:14:57.301491Z DEBUG ralph_core::event_loop: Solo mode: Ralph is the only coordinator
2026-02-06T01:14:57.301846Z  INFO ralph_telegram::service: Telegram service starting bot_token=8410...PUjY workspace=/ralph-dummy timeout_secs=300
2026-02-06T01:14:57.301951Z  INFO ralph_telegram::service: Telegram service started — polling for incoming messages
2026-02-06T01:14:57.301959Z  INFO ralph::loop_runner: Robot human-in-the-loop service active bot_token=8410...PUjY timeout_secs=300
2026-02-06T01:14:57.301974Z DEBUG ralph_core::event_loop: Published task.resume event topic="task.resume"
2026-02-06T01:14:57.302042Z DEBUG ralph_core::event_logger: Event logged topic=task.resume iteration=0
2026-02-06T01:14:57.302284Z DEBUG reqwest::connect: starting new connection: https://api.telegram.org/
2026-02-06T01:14:57.302548Z DEBUG hyper::client::connect::dns: resolving host="api.telegram.org"
2026-02-06T01:14:57.320569Z DEBUG hyper::client::connect::http: connecting to 149.154.166.110:443
2026-02-06T01:14:57.402915Z DEBUG ralph::loop_runner: Execution mode configured execution_mode=autonomous
2026-02-06T01:14:57.403162Z DEBUG ralph::loop_runner: Iteration 1/100 - ralph active
2026-02-06T01:14:57.403298Z  INFO ralph_core::event_loop: Memory injection check: enabled=true, inject=Auto, workspace_root="/ralph-dummy"
2026-02-06T01:14:57.403313Z  INFO ralph_core::event_loop: Looking for memories at: "/ralph-dummy/.ralph/agent/memories.md" (exists: false)
2026-02-06T01:14:57.403328Z  INFO ralph_core::event_loop: Successfully loaded 0 memories from store
2026-02-06T01:14:57.403335Z  INFO ralph_core::event_loop: Memory store is empty - no memories to inject
2026-02-06T01:14:57.403352Z DEBUG ralph_core::event_loop: Injected ralph-tools skill from registry
2026-02-06T01:14:57.403364Z DEBUG ralph_core::event_loop: Injected robot interaction skill from registry
2026-02-06T01:14:57.403449Z  INFO ralph_core::event_loop: Injecting scratchpad (16757 chars) into prompt
2026-02-06T01:14:57.403653Z  INFO ralph_core::event_loop: Injecting ready tasks (5 ready, 5 open, 26 closed) into prompt
2026-02-06T01:14:57.403690Z DEBUG ralph_core::event_loop: build_prompt: routing to HatlessRalph (solo mode)
2026-02-06T01:14:57.404960Z DEBUG ralph::loop_runner: Using global backend for 'ralph': opencode
2026-02-06T01:14:57.405156Z DEBUG ralph_adapters::cli_backend: Built CLI command command=opencode args_count=2 prompt_len=35863 interactive=false uses_stdin=false uses_temp_file=false
2026-02-06T01:14:57.406422Z DEBUG ralph_adapters::pty_executor: Spawning PTY output reader thread (streaming mode)
2026-02-06T01:14:57.495970Z DEBUG hyper::client::connect::http: connected to 149.154.166.110:443
2026-02-06T01:14:57.496100Z DEBUG rustls::client::hs: No cached session for DnsName("api.telegram.org")
2026-02-06T01:14:57.496283Z DEBUG rustls::client::hs: Not resuming any session
2026-02-06T01:14:57.671182Z DEBUG rustls::client::hs: Using ciphersuite TLS13_AES_256_GCM_SHA384
2026-02-06T01:14:57.671297Z DEBUG rustls::client::tls13: Not resuming
2026-02-06T01:14:57.671543Z DEBUG rustls::client::tls13: TLS1.3 encrypted extensions: [ServerNameAck, Protocols([ProtocolName(6832)])]
2026-02-06T01:14:57.671568Z DEBUG rustls::client::hs: ALPN protocol is Some(b"h2")
2026-02-06T01:14:57.672342Z DEBUG h2::client: binding client connection
2026-02-06T01:14:57.672392Z DEBUG h2::client: client connection bound
2026-02-06T01:14:57.672446Z DEBUG h2::codec::framed_write: send frame=Settings { flags: (0x0), enable_push: 0, initial_window_size: 2097152, max_frame_size: 16384 }
2026-02-06T01:14:57.672697Z DEBUG hyper::client::pool: pooling idle connection for ("https", api.telegram.org)
2026-02-06T01:14:57.672927Z DEBUG Connection{peer=Client}: h2::codec::framed_write: send frame=WindowUpdate { stream_id: StreamId(0), size_increment: 5177345 }
2026-02-06T01:14:57.672968Z DEBUG Connection{peer=Client}: h2::codec::framed_write: send frame=Headers { stream_id: StreamId(1), flags: (0x4: END_HEADERS) }
2026-02-06T01:14:57.673007Z DEBUG Connection{peer=Client}: h2::codec::framed_write: send frame=Data { stream_id: StreamId(1), flags: (0x1: END_STREAM) }
2026-02-06T01:14:57.847330Z DEBUG Connection{peer=Client}: h2::codec::framed_read: received frame=Settings { flags: (0x0), max_concurrent_streams: 128, initial_window_size: 65536, max_frame_size: 16777215 }
2026-02-06T01:14:57.847389Z DEBUG Connection{peer=Client}: h2::codec::framed_write: send frame=Settings { flags: (0x1: ACK) }
2026-02-06T01:14:57.847411Z DEBUG Connection{peer=Client}: h2::codec::framed_read: received frame=WindowUpdate { stream_id: StreamId(0), size_increment: 2147418112 }
2026-02-06T01:14:57.847520Z DEBUG Connection{peer=Client}: h2::codec::framed_read: received frame=Settings { flags: (0x1: ACK) }
2026-02-06T01:14:57.847534Z DEBUG Connection{peer=Client}: h2::proto::settings: received settings ACK; applying Settings { flags: (0x0), enable_push: 0, initial_window_size: 2097152, max_frame_size: 16384 }
2026-02-06T01:14:57.847549Z DEBUG Connection{peer=Client}: h2::codec::framed_read: received frame=WindowUpdate { stream_id: StreamId(1), size_increment: 2147418111 }
2026-02-06T01:14:58.017245Z DEBUG Connection{peer=Client}: h2::codec::framed_read: received frame=Headers { stream_id: StreamId(1), flags: (0x4: END_HEADERS) }
2026-02-06T01:14:58.017321Z DEBUG Connection{peer=Client}: h2::codec::framed_read: received frame=Data { stream_id: StreamId(1), flags: (0x1: END_STREAM) }
2026-02-06T01:14:58.017560Z  INFO ralph_telegram::service: Registered bot commands with Telegram API
2026-02-06T01:14:58.017575Z  INFO ralph_telegram::service: Telegram polling task started loop_id=main
2026-02-06T01:14:58.017641Z DEBUG hyper::client::pool: reuse idle connection for ("https", api.telegram.org)
2026-02-06T01:14:58.017722Z DEBUG Connection{peer=Client}: h2::codec::framed_write: send frame=Headers { stream_id: StreamId(3), flags: (0x4: END_HEADERS) }
2026-02-06T01:14:58.017753Z DEBUG Connection{peer=Client}: h2::codec::framed_write: send frame=Data { stream_id: StreamId(3), flags: (0x1: END_STREAM) }
2026-02-06T01:14:58.192369Z DEBUG Connection{peer=Client}: h2::codec::framed_read: received frame=WindowUpdate { stream_id: StreamId(3), size_increment: 2147418111 }
2026-02-06T01:15:08.192947Z DEBUG Connection{peer=Client}: h2::codec::framed_read: received frame=Headers { stream_id: StreamId(3), flags: (0x4: END_HEADERS) }
2026-02-06T01:15:08.193000Z DEBUG Connection{peer=Client}: h2::codec::framed_read: received frame=Data { stream_id: StreamId(3), flags: (0x1: END_STREAM) }
2026-02-06T01:15:08.193152Z DEBUG hyper::client::pool: reuse idle connection for ("https", api.telegram.org)
2026-02-06T01:15:08.193203Z DEBUG Connection{peer=Client}: h2::codec::framed_write: send frame=Headers { stream_id: StreamId(5), flags: (0x4: END_HEADERS) }
2026-02-06T01:15:08.193225Z DEBUG Connection{peer=Client}: h2::codec::framed_write: send frame=Data { stream_id: StreamId(5), flags: (0x1: END_STREAM) }
2026-02-06T01:15:08.369247Z DEBUG Connection{peer=Client}: h2::codec::framed_read: received frame=WindowUpdate { stream_id: StreamId(5), size_increment: 2147418111 }
2026-02-06T01:15:18.370800Z DEBUG Connection{peer=Client}: h2::codec::framed_read: received frame=Headers { stream_id: StreamId(5), flags: (0x4: END_HEADERS) }
2026-02-06T01:15:18.370841Z DEBUG Connection{peer=Client}: h2::codec::framed_read: received frame=Data { stream_id: StreamId(5), flags: (0x1: END_STREAM) }
2026-02-06T01:15:18.370981Z DEBUG hyper::client::pool: reuse idle connection for ("https", api.telegram.org)
2026-02-06T01:15:18.371048Z DEBUG Connection{peer=Client}: h2::codec::framed_write: send frame=Headers { stream_id: StreamId(7), flags: (0x4: END_HEADERS) }
2026-02-06T01:15:18.371097Z DEBUG Connection{peer=Client}: h2::codec::framed_write: send frame=Data { stream_id: StreamId(7), flags: (0x1: END_STREAM) }
2026-02-06T01:15:18.545708Z DEBUG Connection{peer=Client}: h2::codec::framed_read: received frame=WindowUpdate { stream_id: StreamId(7), size_increment: 2147418111 }
2026-02-06T01:15:28.547042Z DEBUG Connection{peer=Client}: h2::codec::framed_read: received frame=Headers { stream_id: StreamId(7), flags: (0x4: END_HEADERS) }
2026-02-06T01:15:28.547101Z DEBUG Connection{peer=Client}: h2::codec::framed_read: received frame=Data { stream_id: StreamId(7), flags: (0x1: END_STREAM) }
2026-02-06T01:15:28.547199Z DEBUG hyper::client::pool: reuse idle connection for ("https", api.telegram.org)
2026-02-06T01:15:28.547250Z DEBUG Connection{peer=Client}: h2::codec::framed_write: send frame=Headers { stream_id: StreamId(9), flags: (0x4: END_HEADERS) }
2026-02-06T01:15:28.547270Z DEBUG Connection{peer=Client}: h2::codec::framed_write: send frame=Data { stream_id: StreamId(9), flags: (0x1: END_STREAM) }
2026-02-06T01:15:28.721827Z DEBUG Connection{peer=Client}: h2::codec::framed_read: received frame=WindowUpdate { stream_id: StreamId(9), size_increment: 2147418111 }
2026-02-06T01:15:38.722955Z DEBUG Connection{peer=Client}: h2::codec::framed_read: received frame=Headers { stream_id: StreamId(9), flags: (0x4: END_HEADERS) }
2026-02-06T01:15:38.723002Z DEBUG Connection{peer=Client}: h2::codec::framed_read: received frame=Data { stream_id: StreamId(9), flags: (0x1: END_STREAM) }
2026-02-06T01:15:38.723135Z DEBUG hyper::client::pool: reuse idle connection for ("https", api.telegram.org)
2026-02-06T01:15:38.723188Z DEBUG Connection{peer=Client}: h2::codec::framed_write: send frame=Headers { stream_id: StreamId(11), flags: (0x4: END_HEADERS) }
2026-02-06T01:15:38.723208Z DEBUG Connection{peer=Client}: h2::codec::framed_write: send frame=Data { stream_id: StreamId(11), flags: (0x1: END_STREAM) }
2026-02-06T01:15:38.897775Z DEBUG Connection{peer=Client}: h2::codec::framed_read: received frame=WindowUpdate { stream_id: StreamId(11), size_increment: 2147418111 }
2026-02-06T01:15:48.899146Z DEBUG Connection{peer=Client}: h2::codec::framed_read: received frame=Headers { stream_id: StreamId(11), flags: (0x4: END_HEADERS) }
2026-02-06T01:15:48.899207Z DEBUG Connection{peer=Client}: h2::codec::framed_read: received frame=Data { stream_id: StreamId(11), flags: (0x1: END_STREAM) }
2026-02-06T01:15:48.899350Z DEBUG hyper::client::pool: reuse idle connection for ("https", api.telegram.org)
2026-02-06T01:15:48.899411Z DEBUG Connection{peer=Client}: h2::codec::framed_write: send frame=Headers { stream_id: StreamId(13), flags: (0x4: END_HEADERS) }
2026-02-06T01:15:48.899434Z DEBUG Connection{peer=Client}: h2::codec::framed_write: send frame=Data { stream_id: StreamId(13), flags: (0x1: END_STREAM) }
2026-02-06T01:15:49.074135Z DEBUG Connection{peer=Client}: h2::codec::framed_read: received frame=WindowUpdate { stream_id: StreamId(13), size_increment: 2147418111 }
2026-02-06T01:15:59.074831Z DEBUG Connection{peer=Client}: h2::codec::framed_read: received frame=Headers { stream_id: StreamId(13), flags: (0x4: END_HEADERS) }
2026-02-06T01:15:59.074883Z DEBUG Connection{peer=Client}: h2::codec::framed_read: received frame=Data { stream_id: StreamId(13), flags: (0x1: END_STREAM) }
2026-02-06T01:15:59.074990Z DEBUG hyper::client::pool: reuse idle connection for ("https", api.telegram.org)
2026-02-06T01:15:59.075083Z DEBUG Connection{peer=Client}: h2::codec::framed_write: send frame=Headers { stream_id: StreamId(15), flags: (0x4: END_HEADERS) }
2026-02-06T01:15:59.075115Z DEBUG Connection{peer=Client}: h2::codec::framed_write: send frame=Data { stream_id: StreamId(15), flags: (0x1: END_STREAM) }
2026-02-06T01:15:59.249720Z DEBUG Connection{peer=Client}: h2::codec::framed_read: received frame=WindowUpdate { stream_id: StreamId(15), size_increment: 2147418111 }
2026-02-06T01:16:09.251247Z DEBUG Connection{peer=Client}: h2::codec::framed_read: received frame=Headers { stream_id: StreamId(15), flags: (0x4: END_HEADERS) }
2026-02-06T01:16:09.251293Z DEBUG Connection{peer=Client}: h2::codec::framed_read: received frame=Data { stream_id: StreamId(15), flags: (0x1: END_STREAM) }
2026-02-06T01:16:09.251388Z DEBUG hyper::client::pool: reuse idle connection for ("https", api.telegram.org)
2026-02-06T01:16:09.251446Z DEBUG Connection{peer=Client}: h2::codec::framed_write: send frame=Headers { stream_id: StreamId(17), flags: (0x4: END_HEADERS) }
2026-02-06T01:16:09.251484Z DEBUG Connection{peer=Client}: h2::codec::framed_write: send frame=Data { stream_id: StreamId(17), flags: (0x1: END_STREAM) }
2026-02-06T01:16:09.426043Z DEBUG Connection{peer=Client}: h2::codec::framed_read: received frame=WindowUpdate { stream_id: StreamId(17), size_increment: 2147418111 }
2026-02-06T01:16:19.427718Z DEBUG Connection{peer=Client}: h2::codec::framed_read: received frame=Headers { stream_id: StreamId(17), flags: (0x4: END_HEADERS) }
2026-02-06T01:16:19.427766Z DEBUG Connection{peer=Client}: h2::codec::framed_read: received frame=Data { stream_id: StreamId(17), flags: (0x1: END_STREAM) }
2026-02-06T01:16:19.427860Z DEBUG hyper::client::pool: reuse idle connection for ("https", api.telegram.org)
2026-02-06T01:16:19.427922Z DEBUG Connection{peer=Client}: h2::codec::framed_write: send frame=Headers { stream_id: StreamId(19), flags: (0x4: END_HEADERS) }
2026-02-06T01:16:19.427958Z DEBUG Connection{peer=Client}: h2::codec::framed_write: send frame=Data { stream_id: StreamId(19), flags: (0x1: END_STREAM) }
2026-02-06T01:16:19.602553Z DEBUG Connection{peer=Client}: h2::codec::framed_read: received frame=WindowUpdate { stream_id: StreamId(19), size_increment: 2147418111 }
2026-02-06T01:16:29.603712Z DEBUG Connection{peer=Client}: h2::codec::framed_read: received frame=Headers { stream_id: StreamId(19), flags: (0x4: END_HEADERS) }
2026-02-06T01:16:29.603796Z DEBUG Connection{peer=Client}: h2::codec::framed_read: received frame=Data { stream_id: StreamId(19), flags: (0x1: END_STREAM) }
2026-02-06T01:16:29.603932Z DEBUG hyper::client::pool: reuse idle connection for ("https", api.telegram.org)
2026-02-06T01:16:29.604010Z DEBUG Connection{peer=Client}: h2::codec::framed_write: send frame=Headers { stream_id: StreamId(21), flags: (0x4: END_HEADERS) }
2026-02-06T01:16:29.604040Z DEBUG Connection{peer=Client}: h2::codec::framed_write: send frame=Data { stream_id: StreamId(21), flags: (0x1: END_STREAM) }
2026-02-06T01:16:29.778686Z DEBUG Connection{peer=Client}: h2::codec::framed_read: received frame=WindowUpdate { stream_id: StreamId(21), size_increment: 2147418111 }
2026-02-06T01:16:39.780460Z DEBUG Connection{peer=Client}: h2::codec::framed_read: received frame=Headers { stream_id: StreamId(21), flags: (0x4: END_HEADERS) }
2026-02-06T01:16:39.780566Z DEBUG Connection{peer=Client}: h2::codec::framed_read: received frame=Data { stream_id: StreamId(21), flags: (0x1: END_STREAM) }
2026-02-06T01:16:39.780712Z DEBUG hyper::client::pool: reuse idle connection for ("https", api.telegram.org)
2026-02-06T01:16:39.780784Z DEBUG Connection{peer=Client}: h2::codec::framed_write: send frame=Headers { stream_id: StreamId(23), flags: (0x4: END_HEADERS) }
2026-02-06T01:16:39.780826Z DEBUG Connection{peer=Client}: h2::codec::framed_write: send frame=Data { stream_id: StreamId(23), flags: (0x1: END_STREAM) }
2026-02-06T01:16:39.955485Z DEBUG Connection{peer=Client}: h2::codec::framed_read: received frame=WindowUpdate { stream_id: StreamId(23), size_increment: 2147418111 }
2026-02-06T01:16:49.956252Z DEBUG Connection{peer=Client}: h2::codec::framed_read: received frame=Headers { stream_id: StreamId(23), flags: (0x4: END_HEADERS) }
2026-02-06T01:16:49.956325Z DEBUG Connection{peer=Client}: h2::codec::framed_read: received frame=Data { stream_id: StreamId(23), flags: (0x1: END_STREAM) }
2026-02-06T01:16:49.956463Z DEBUG hyper::client::pool: reuse idle connection for ("https", api.telegram.org)
2026-02-06T01:16:49.956552Z DEBUG Connection{peer=Client}: h2::codec::framed_write: send frame=Headers { stream_id: StreamId(25), flags: (0x4: END_HEADERS) }
2026-02-06T01:16:49.956593Z DEBUG Connection{peer=Client}: h2::codec::framed_write: send frame=Data { stream_id: StreamId(25), flags: (0x1: END_STREAM) }
2026-02-06T01:16:50.131235Z DEBUG Connection{peer=Client}: h2::codec::framed_read: received frame=WindowUpdate { stream_id: StreamId(25), size_increment: 2147418111 }
2026-02-06T01:17:00.132030Z DEBUG Connection{peer=Client}: h2::codec::framed_read: received frame=Headers { stream_id: StreamId(25), flags: (0x4: END_HEADERS) }
2026-02-06T01:17:00.132110Z DEBUG Connection{peer=Client}: h2::codec::framed_read: received frame=Data { stream_id: StreamId(25), flags: (0x1: END_STREAM) }
2026-02-06T01:17:00.132213Z DEBUG hyper::client::pool: reuse idle connection for ("https", api.telegram.org)
2026-02-06T01:17:00.132262Z DEBUG Connection{peer=Client}: h2::codec::framed_write: send frame=Headers { stream_id: StreamId(27), flags: (0x4: END_HEADERS) }
2026-02-06T01:17:00.132280Z DEBUG Connection{peer=Client}: h2::codec::framed_write: send frame=Data { stream_id: StreamId(27), flags: (0x1: END_STREAM) }
2026-02-06T01:17:00.306903Z DEBUG Connection{peer=Client}: h2::codec::framed_read: received frame=WindowUpdate { stream_id: StreamId(27), size_increment: 2147418111 }
2026-02-06T01:17:10.307759Z DEBUG Connection{peer=Client}: h2::codec::framed_read: received frame=Headers { stream_id: StreamId(27), flags: (0x4: END_HEADERS) }
2026-02-06T01:17:10.307806Z DEBUG Connection{peer=Client}: h2::codec::framed_read: received frame=Data { stream_id: StreamId(27), flags: (0x1: END_STREAM) }
2026-02-06T01:17:10.307911Z DEBUG hyper::client::pool: reuse idle connection for ("https", api.telegram.org)
2026-02-06T01:17:10.307960Z DEBUG Connection{peer=Client}: h2::codec::framed_write: send frame=Headers { stream_id: StreamId(29), flags: (0x4: END_HEADERS) }
2026-02-06T01:17:10.307979Z DEBUG Connection{peer=Client}: h2::codec::framed_write: send frame=Data { stream_id: StreamId(29), flags: (0x1: END_STREAM) }
2026-02-06T01:17:10.482655Z DEBUG Connection{peer=Client}: h2::codec::framed_read: received frame=WindowUpdate { stream_id: StreamId(29), size_increment: 2147418111 }
2026-02-06T01:17:20.483334Z DEBUG Connection{peer=Client}: h2::codec::framed_read: received frame=Headers { stream_id: StreamId(29), flags: (0x4: END_HEADERS) }
2026-02-06T01:17:20.483388Z DEBUG Connection{peer=Client}: h2::codec::framed_read: received frame=Data { stream_id: StreamId(29), flags: (0x1: END_STREAM) }
2026-02-06T01:17:20.483506Z DEBUG hyper::client::pool: reuse idle connection for ("https", api.telegram.org)
2026-02-06T01:17:20.483575Z DEBUG Connection{peer=Client}: h2::codec::framed_write: send frame=Headers { stream_id: StreamId(31), flags: (0x4: END_HEADERS) }
2026-02-06T01:17:20.483612Z DEBUG Connection{peer=Client}: h2::codec::framed_write: send frame=Data { stream_id: StreamId(31), flags: (0x1: END_STREAM) }
2026-02-06T01:17:20.658158Z DEBUG Connection{peer=Client}: h2::codec::framed_read: received frame=WindowUpdate { stream_id: StreamId(31), size_increment: 2147418111 }
2026-02-06T01:17:30.659577Z DEBUG Connection{peer=Client}: h2::codec::framed_read: received frame=Headers { stream_id: StreamId(31), flags: (0x4: END_HEADERS) }
2026-02-06T01:17:30.659646Z DEBUG Connection{peer=Client}: h2::codec::framed_read: received frame=Data { stream_id: StreamId(31), flags: (0x1: END_STREAM) }
2026-02-06T01:17:30.659770Z DEBUG hyper::client::pool: reuse idle connection for ("https", api.telegram.org)
2026-02-06T01:17:30.659847Z DEBUG Connection{peer=Client}: h2::codec::framed_write: send frame=Headers { stream_id: StreamId(33), flags: (0x4: END_HEADERS) }
2026-02-06T01:17:30.659869Z DEBUG Connection{peer=Client}: h2::codec::framed_write: send frame=Data { stream_id: StreamId(33), flags: (0x1: END_STREAM) }
2026-02-06T01:17:30.834500Z DEBUG Connection{peer=Client}: h2::codec::framed_read: received frame=WindowUpdate { stream_id: StreamId(33), size_increment: 2147418111 }
2026-02-06T01:17:40.835177Z DEBUG Connection{peer=Client}: h2::codec::framed_read: received frame=Headers { stream_id: StreamId(33), flags: (0x4: END_HEADERS) }
2026-02-06T01:17:40.835234Z DEBUG Connection{peer=Client}: h2::codec::framed_read: received frame=Data { stream_id: StreamId(33), flags: (0x1: END_STREAM) }
2026-02-06T01:17:40.835363Z DEBUG hyper::client::pool: reuse idle connection for ("https", api.telegram.org)
2026-02-06T01:17:40.835416Z DEBUG Connection{peer=Client}: h2::codec::framed_write: send frame=Headers { stream_id: StreamId(35), flags: (0x4: END_HEADERS) }
2026-02-06T01:17:40.835436Z DEBUG Connection{peer=Client}: h2::codec::framed_write: send frame=Data { stream_id: StreamId(35), flags: (0x1: END_STREAM) }
2026-02-06T01:17:41.010041Z DEBUG Connection{peer=Client}: h2::codec::framed_read: received frame=WindowUpdate { stream_id: StreamId(35), size_increment: 2147418111 }
2026-02-06T01:17:51.011525Z DEBUG Connection{peer=Client}: h2::codec::framed_read: received frame=Headers { stream_id: StreamId(35), flags: (0x4: END_HEADERS) }
2026-02-06T01:17:51.011589Z DEBUG Connection{peer=Client}: h2::codec::framed_read: received frame=Data { stream_id: StreamId(35), flags: (0x1: END_STREAM) }
2026-02-06T01:17:51.011718Z DEBUG hyper::client::pool: reuse idle connection for ("https", api.telegram.org)
2026-02-06T01:17:51.011773Z DEBUG Connection{peer=Client}: h2::codec::framed_write: send frame=Headers { stream_id: StreamId(37), flags: (0x4: END_HEADERS) }
2026-02-06T01:17:51.011792Z DEBUG Connection{peer=Client}: h2::codec::framed_write: send frame=Data { stream_id: StreamId(37), flags: (0x1: END_STREAM) }
2026-02-06T01:17:51.186430Z DEBUG Connection{peer=Client}: h2::codec::framed_read: received frame=WindowUpdate { stream_id: StreamId(37), size_increment: 2147418111 }
2026-02-06T01:18:01.187165Z DEBUG Connection{peer=Client}: h2::codec::framed_read: received frame=Headers { stream_id: StreamId(37), flags: (0x4: END_HEADERS) }
2026-02-06T01:18:01.187226Z DEBUG Connection{peer=Client}: h2::codec::framed_read: received frame=Data { stream_id: StreamId(37), flags: (0x1: END_STREAM) }
2026-02-06T01:18:01.187325Z DEBUG hyper::client::pool: reuse idle connection for ("https", api.telegram.org)
2026-02-06T01:18:01.187388Z DEBUG Connection{peer=Client}: h2::codec::framed_write: send frame=Headers { stream_id: StreamId(39), flags: (0x4: END_HEADERS) }
2026-02-06T01:18:01.187416Z DEBUG Connection{peer=Client}: h2::codec::framed_write: send frame=Data { stream_id: StreamId(39), flags: (0x1: END_STREAM) }
2026-02-06T01:18:01.361982Z DEBUG Connection{peer=Client}: h2::codec::framed_read: received frame=WindowUpdate { stream_id: StreamId(39), size_increment: 2147418111 }
2026-02-06T01:18:11.363196Z DEBUG Connection{peer=Client}: h2::codec::framed_read: received frame=Headers { stream_id: StreamId(39), flags: (0x4: END_HEADERS) }
2026-02-06T01:18:11.363271Z DEBUG Connection{peer=Client}: h2::codec::framed_read: received frame=Data { stream_id: StreamId(39), flags: (0x1: END_STREAM) }
2026-02-06T01:18:11.363405Z DEBUG hyper::client::pool: reuse idle connection for ("https", api.telegram.org)
2026-02-06T01:18:11.363477Z DEBUG Connection{peer=Client}: h2::codec::framed_write: send frame=Headers { stream_id: StreamId(41), flags: (0x4: END_HEADERS) }
2026-02-06T01:18:11.363511Z DEBUG Connection{peer=Client}: h2::codec::framed_write: send frame=Data { stream_id: StreamId(41), flags: (0x1: END_STREAM) }
2026-02-06T01:18:11.538162Z DEBUG Connection{peer=Client}: h2::codec::framed_read: received frame=WindowUpdate { stream_id: StreamId(41), size_increment: 2147418111 }
2026-02-06T01:18:21.539232Z DEBUG Connection{peer=Client}: h2::codec::framed_read: received frame=Headers { stream_id: StreamId(41), flags: (0x4: END_HEADERS) }
2026-02-06T01:18:21.539277Z DEBUG Connection{peer=Client}: h2::codec::framed_read: received frame=Data { stream_id: StreamId(41), flags: (0x1: END_STREAM) }
2026-02-06T01:18:21.539379Z DEBUG hyper::client::pool: reuse idle connection for ("https", api.telegram.org)
2026-02-06T01:18:21.539442Z DEBUG Connection{peer=Client}: h2::codec::framed_write: send frame=Headers { stream_id: StreamId(43), flags: (0x4: END_HEADERS) }
2026-02-06T01:18:21.539499Z DEBUG Connection{peer=Client}: h2::codec::framed_write: send frame=Data { stream_id: StreamId(43), flags: (0x1: END_STREAM) }
2026-02-06T01:18:21.714119Z DEBUG Connection{peer=Client}: h2::codec::framed_read: received frame=WindowUpdate { stream_id: StreamId(43), size_increment: 2147418111 }
2026-02-06T01:18:31.714787Z DEBUG Connection{peer=Client}: h2::codec::framed_read: received frame=Headers { stream_id: StreamId(43), flags: (0x4: END_HEADERS) }
2026-02-06T01:18:31.714838Z DEBUG Connection{peer=Client}: h2::codec::framed_read: received frame=Data { stream_id: StreamId(43), flags: (0x1: END_STREAM) }
2026-02-06T01:18:31.714963Z DEBUG hyper::client::pool: reuse idle connection for ("https", api.telegram.org)
2026-02-06T01:18:31.715021Z DEBUG Connection{peer=Client}: h2::codec::framed_write: send frame=Headers { stream_id: StreamId(45), flags: (0x4: END_HEADERS) }
2026-02-06T01:18:31.715044Z DEBUG Connection{peer=Client}: h2::codec::framed_write: send frame=Data { stream_id: StreamId(45), flags: (0x1: END_STREAM) }
2026-02-06T01:18:31.889646Z DEBUG Connection{peer=Client}: h2::codec::framed_read: received frame=WindowUpdate { stream_id: StreamId(45), size_increment: 2147418111 }
2026-02-06T01:18:41.890950Z DEBUG Connection{peer=Client}: h2::codec::framed_read: received frame=Headers { stream_id: StreamId(45), flags: (0x4: END_HEADERS) }
2026-02-06T01:18:41.891004Z DEBUG Connection{peer=Client}: h2::codec::framed_read: received frame=Data { stream_id: StreamId(45), flags: (0x1: END_STREAM) }
2026-02-06T01:18:41.891137Z DEBUG hyper::client::pool: reuse idle connection for ("https", api.telegram.org)
2026-02-06T01:18:41.891194Z DEBUG Connection{peer=Client}: h2::codec::framed_write: send frame=Headers { stream_id: StreamId(47), flags: (0x4: END_HEADERS) }
2026-02-06T01:18:41.891216Z DEBUG Connection{peer=Client}: h2::codec::framed_write: send frame=Data { stream_id: StreamId(47), flags: (0x1: END_STREAM) }
2026-02-06T01:18:42.065884Z DEBUG Connection{peer=Client}: h2::codec::framed_read: received frame=WindowUpdate { stream_id: StreamId(47), size_increment: 2147418111 }
2026-02-06T01:18:52.067111Z DEBUG Connection{peer=Client}: h2::codec::framed_read: received frame=Headers { stream_id: StreamId(47), flags: (0x4: END_HEADERS) }
2026-02-06T01:18:52.067162Z DEBUG Connection{peer=Client}: h2::codec::framed_read: received frame=Data { stream_id: StreamId(47), flags: (0x1: END_STREAM) }
2026-02-06T01:18:52.067272Z DEBUG hyper::client::pool: reuse idle connection for ("https", api.telegram.org)
2026-02-06T01:18:52.067321Z DEBUG Connection{peer=Client}: h2::codec::framed_write: send frame=Headers { stream_id: StreamId(49), flags: (0x4: END_HEADERS) }
2026-02-06T01:18:52.067341Z DEBUG Connection{peer=Client}: h2::codec::framed_write: send frame=Data { stream_id: StreamId(49), flags: (0x1: END_STREAM) }
2026-02-06T01:18:52.241962Z DEBUG Connection{peer=Client}: h2::codec::framed_read: received frame=WindowUpdate { stream_id: StreamId(49), size_increment: 2147418111 }
2026-02-06T01:19:02.243205Z DEBUG Connection{peer=Client}: h2::codec::framed_read: received frame=Headers { stream_id: StreamId(49), flags: (0x4: END_HEADERS) }
2026-02-06T01:19:02.243283Z DEBUG Connection{peer=Client}: h2::codec::framed_read: received frame=Data { stream_id: StreamId(49), flags: (0x1: END_STREAM) }
2026-02-06T01:19:02.243416Z DEBUG hyper::client::pool: reuse idle connection for ("https", api.telegram.org)
2026-02-06T01:19:02.243531Z DEBUG Connection{peer=Client}: h2::codec::framed_write: send frame=Headers { stream_id: StreamId(51), flags: (0x4: END_HEADERS) }
2026-02-06T01:19:02.243621Z DEBUG Connection{peer=Client}: h2::codec::framed_write: send frame=Data { stream_id: StreamId(51), flags: (0x1: END_STREAM) }
2026-02-06T01:19:02.418268Z DEBUG Connection{peer=Client}: h2::codec::framed_read: received frame=WindowUpdate { stream_id: StreamId(51), size_increment: 2147418111 }
2026-02-06T01:19:12.419221Z DEBUG Connection{peer=Client}: h2::codec::framed_read: received frame=Headers { stream_id: StreamId(51), flags: (0x4: END_HEADERS) }
2026-02-06T01:19:12.419272Z DEBUG Connection{peer=Client}: h2::codec::framed_read: received frame=Data { stream_id: StreamId(51), flags: (0x1: END_STREAM) }
2026-02-06T01:19:12.419372Z DEBUG hyper::client::pool: reuse idle connection for ("https", api.telegram.org)
2026-02-06T01:19:12.419435Z DEBUG Connection{peer=Client}: h2::codec::framed_write: send frame=Headers { stream_id: StreamId(53), flags: (0x4: END_HEADERS) }
2026-02-06T01:19:12.419482Z DEBUG Connection{peer=Client}: h2::codec::framed_write: send frame=Data { stream_id: StreamId(53), flags: (0x1: END_STREAM) }
2026-02-06T01:19:12.594057Z DEBUG Connection{peer=Client}: h2::codec::framed_read: received frame=WindowUpdate { stream_id: StreamId(53), size_increment: 2147418111 }
2026-02-06T01:19:22.595163Z DEBUG Connection{peer=Client}: h2::codec::framed_read: received frame=Headers { stream_id: StreamId(53), flags: (0x4: END_HEADERS) }
2026-02-06T01:19:22.595222Z DEBUG Connection{peer=Client}: h2::codec::framed_read: received frame=Data { stream_id: StreamId(53), flags: (0x1: END_STREAM) }
2026-02-06T01:19:22.595321Z DEBUG hyper::client::pool: reuse idle connection for ("https", api.telegram.org)
2026-02-06T01:19:22.595383Z DEBUG Connection{peer=Client}: h2::codec::framed_write: send frame=Headers { stream_id: StreamId(55), flags: (0x4: END_HEADERS) }
2026-02-06T01:19:22.595418Z DEBUG Connection{peer=Client}: h2::codec::framed_write: send frame=Data { stream_id: StreamId(55), flags: (0x1: END_STREAM) }
2026-02-06T01:19:22.770014Z DEBUG Connection{peer=Client}: h2::codec::framed_read: received frame=WindowUpdate { stream_id: StreamId(55), size_increment: 2147418111 }
2026-02-06T01:19:32.771565Z DEBUG Connection{peer=Client}: h2::codec::framed_read: received frame=Headers { stream_id: StreamId(55), flags: (0x4: END_HEADERS) }
2026-02-06T01:19:32.771634Z DEBUG Connection{peer=Client}: h2::codec::framed_read: received frame=Data { stream_id: StreamId(55), flags: (0x1: END_STREAM) }
2026-02-06T01:19:32.771731Z DEBUG hyper::client::pool: reuse idle connection for ("https", api.telegram.org)
2026-02-06T01:19:32.771781Z DEBUG Connection{peer=Client}: h2::codec::framed_write: send frame=Headers { stream_id: StreamId(57), flags: (0x4: END_HEADERS) }
2026-02-06T01:19:32.771801Z DEBUG Connection{peer=Client}: h2::codec::framed_write: send frame=Data { stream_id: StreamId(57), flags: (0x1: END_STREAM) }
2026-02-06T01:19:32.946426Z DEBUG Connection{peer=Client}: h2::codec::framed_read: received frame=WindowUpdate { stream_id: StreamId(57), size_increment: 2147418111 }
2026-02-06T01:19:42.947386Z DEBUG Connection{peer=Client}: h2::codec::framed_read: received frame=Headers { stream_id: StreamId(57), flags: (0x4: END_HEADERS) }
2026-02-06T01:19:42.947444Z DEBUG Connection{peer=Client}: h2::codec::framed_read: received frame=Data { stream_id: StreamId(57), flags: (0x1: END_STREAM) }
2026-02-06T01:19:42.947566Z DEBUG hyper::client::pool: reuse idle connection for ("https", api.telegram.org)
2026-02-06T01:19:42.947628Z DEBUG Connection{peer=Client}: h2::codec::framed_write: send frame=Headers { stream_id: StreamId(59), flags: (0x4: END_HEADERS) }
2026-02-06T01:19:42.947664Z DEBUG Connection{peer=Client}: h2::codec::framed_write: send frame=Data { stream_id: StreamId(59), flags: (0x1: END_STREAM) }
2026-02-06T01:19:43.122251Z DEBUG Connection{peer=Client}: h2::codec::framed_read: received frame=WindowUpdate { stream_id: StreamId(59), size_increment: 2147418111 }
2026-02-06T01:19:53.122912Z DEBUG Connection{peer=Client}: h2::codec::framed_read: received frame=Headers { stream_id: StreamId(59), flags: (0x4: END_HEADERS) }
2026-02-06T01:19:53.122982Z DEBUG Connection{peer=Client}: h2::codec::framed_read: received frame=Data { stream_id: StreamId(59), flags: (0x1: END_STREAM) }
2026-02-06T01:19:53.123126Z DEBUG hyper::client::pool: reuse idle connection for ("https", api.telegram.org)
2026-02-06T01:19:53.123194Z DEBUG Connection{peer=Client}: h2::codec::framed_write: send frame=Headers { stream_id: StreamId(61), flags: (0x4: END_HEADERS) }
2026-02-06T01:19:53.123227Z DEBUG Connection{peer=Client}: h2::codec::framed_write: send frame=Data { stream_id: StreamId(61), flags: (0x1: END_STREAM) }
2026-02-06T01:19:53.297789Z DEBUG Connection{peer=Client}: h2::codec::framed_read: received frame=WindowUpdate { stream_id: StreamId(61), size_increment: 2147418111 }
2026-02-06T01:20:03.298409Z DEBUG Connection{peer=Client}: h2::codec::framed_read: received frame=Headers { stream_id: StreamId(61), flags: (0x4: END_HEADERS) }
2026-02-06T01:20:03.298457Z DEBUG Connection{peer=Client}: h2::codec::framed_read: received frame=Data { stream_id: StreamId(61), flags: (0x1: END_STREAM) }
2026-02-06T01:20:03.298574Z DEBUG hyper::client::pool: reuse idle connection for ("https", api.telegram.org)
2026-02-06T01:20:03.298639Z DEBUG Connection{peer=Client}: h2::codec::framed_write: send frame=Headers { stream_id: StreamId(63), flags: (0x4: END_HEADERS) }
2026-02-06T01:20:03.298672Z DEBUG Connection{peer=Client}: h2::codec::framed_write: send frame=Data { stream_id: StreamId(63), flags: (0x1: END_STREAM) }
2026-02-06T01:20:03.473323Z DEBUG Connection{peer=Client}: h2::codec::framed_read: received frame=WindowUpdate { stream_id: StreamId(63), size_increment: 2147418111 }
2026-02-06T01:20:13.474306Z DEBUG Connection{peer=Client}: h2::codec::framed_read: received frame=Headers { stream_id: StreamId(63), flags: (0x4: END_HEADERS) }
2026-02-06T01:20:13.474355Z DEBUG Connection{peer=Client}: h2::codec::framed_read: received frame=Data { stream_id: StreamId(63), flags: (0x1: END_STREAM) }
2026-02-06T01:20:13.474450Z DEBUG hyper::client::pool: reuse idle connection for ("https", api.telegram.org)
2026-02-06T01:20:13.474548Z DEBUG Connection{peer=Client}: h2::codec::framed_write: send frame=Headers { stream_id: StreamId(65), flags: (0x4: END_HEADERS) }
2026-02-06T01:20:13.474584Z DEBUG Connection{peer=Client}: h2::codec::framed_write: send frame=Data { stream_id: StreamId(65), flags: (0x1: END_STREAM) }
2026-02-06T01:20:13.649290Z DEBUG Connection{peer=Client}: h2::codec::framed_read: received frame=WindowUpdate { stream_id: StreamId(65), size_increment: 2147418111 }
2026-02-06T01:20:23.654625Z DEBUG Connection{peer=Client}: h2::codec::framed_read: received frame=Headers { stream_id: StreamId(65), flags: (0x4: END_HEADERS) }
2026-02-06T01:20:23.654682Z DEBUG Connection{peer=Client}: h2::codec::framed_read: received frame=Data { stream_id: StreamId(65), flags: (0x1: END_STREAM) }
2026-02-06T01:20:23.654779Z DEBUG hyper::client::pool: reuse idle connection for ("https", api.telegram.org)
2026-02-06T01:20:23.654860Z DEBUG Connection{peer=Client}: h2::codec::framed_write: send frame=Headers { stream_id: StreamId(67), flags: (0x4: END_HEADERS) }
2026-02-06T01:20:23.654902Z DEBUG Connection{peer=Client}: h2::codec::framed_write: send frame=Data { stream_id: StreamId(67), flags: (0x1: END_STREAM) }
2026-02-06T01:20:23.829559Z DEBUG Connection{peer=Client}: h2::codec::framed_read: received frame=WindowUpdate { stream_id: StreamId(67), size_increment: 2147418111 }
2026-02-06T01:20:33.830721Z DEBUG Connection{peer=Client}: h2::codec::framed_read: received frame=Headers { stream_id: StreamId(67), flags: (0x4: END_HEADERS) }
2026-02-06T01:20:33.830775Z DEBUG Connection{peer=Client}: h2::codec::framed_read: received frame=Data { stream_id: StreamId(67), flags: (0x1: END_STREAM) }
2026-02-06T01:20:33.830872Z DEBUG hyper::client::pool: reuse idle connection for ("https", api.telegram.org)
2026-02-06T01:20:33.830924Z DEBUG Connection{peer=Client}: h2::codec::framed_write: send frame=Headers { stream_id: StreamId(69), flags: (0x4: END_HEADERS) }
2026-02-06T01:20:33.830966Z DEBUG Connection{peer=Client}: h2::codec::framed_write: send frame=Data { stream_id: StreamId(69), flags: (0x1: END_STREAM) }
2026-02-06T01:20:34.005606Z DEBUG Connection{peer=Client}: h2::codec::framed_read: received frame=WindowUpdate { stream_id: StreamId(69), size_increment: 2147418111 }
2026-02-06T01:20:44.006475Z DEBUG Connection{peer=Client}: h2::codec::framed_read: received frame=Headers { stream_id: StreamId(69), flags: (0x4: END_HEADERS) }
2026-02-06T01:20:44.006533Z DEBUG Connection{peer=Client}: h2::codec::framed_read: received frame=Data { stream_id: StreamId(69), flags: (0x1: END_STREAM) }
2026-02-06T01:20:44.006633Z DEBUG hyper::client::pool: reuse idle connection for ("https", api.telegram.org)
2026-02-06T01:20:44.006683Z DEBUG Connection{peer=Client}: h2::codec::framed_write: send frame=Headers { stream_id: StreamId(71), flags: (0x4: END_HEADERS) }
2026-02-06T01:20:44.006703Z DEBUG Connection{peer=Client}: h2::codec::framed_write: send frame=Data { stream_id: StreamId(71), flags: (0x1: END_STREAM) }
2026-02-06T01:20:44.181326Z DEBUG Connection{peer=Client}: h2::codec::framed_read: received frame=WindowUpdate { stream_id: StreamId(71), size_increment: 2147418111 }
2026-02-06T01:20:54.182149Z DEBUG Connection{peer=Client}: h2::codec::framed_read: received frame=Headers { stream_id: StreamId(71), flags: (0x4: END_HEADERS) }
2026-02-06T01:20:54.182212Z DEBUG Connection{peer=Client}: h2::codec::framed_read: received frame=Data { stream_id: StreamId(71), flags: (0x1: END_STREAM) }
2026-02-06T01:20:54.182327Z DEBUG hyper::client::pool: reuse idle connection for ("https", api.telegram.org)
2026-02-06T01:20:54.182383Z DEBUG Connection{peer=Client}: h2::codec::framed_write: send frame=Headers { stream_id: StreamId(73), flags: (0x4: END_HEADERS) }
2026-02-06T01:20:54.182405Z DEBUG Connection{peer=Client}: h2::codec::framed_write: send frame=Data { stream_id: StreamId(73), flags: (0x1: END_STREAM) }
2026-02-06T01:20:54.357119Z DEBUG Connection{peer=Client}: h2::codec::framed_read: received frame=WindowUpdate { stream_id: StreamId(73), size_increment: 2147418111 }
2026-02-06T01:21:04.357719Z DEBUG Connection{peer=Client}: h2::codec::framed_read: received frame=Headers { stream_id: StreamId(73), flags: (0x4: END_HEADERS) }
2026-02-06T01:21:04.357775Z DEBUG Connection{peer=Client}: h2::codec::framed_read: received frame=Data { stream_id: StreamId(73), flags: (0x1: END_STREAM) }
2026-02-06T01:21:04.357874Z DEBUG hyper::client::pool: reuse idle connection for ("https", api.telegram.org)
2026-02-06T01:21:04.357924Z DEBUG Connection{peer=Client}: h2::codec::framed_write: send frame=Headers { stream_id: StreamId(75), flags: (0x4: END_HEADERS) }
2026-02-06T01:21:04.357946Z DEBUG Connection{peer=Client}: h2::codec::framed_write: send frame=Data { stream_id: StreamId(75), flags: (0x1: END_STREAM) }
2026-02-06T01:21:04.532533Z DEBUG Connection{peer=Client}: h2::codec::framed_read: received frame=WindowUpdate { stream_id: StreamId(75), size_increment: 2147418111 }
2026-02-06T01:21:14.533142Z DEBUG Connection{peer=Client}: h2::codec::framed_read: received frame=Headers { stream_id: StreamId(75), flags: (0x4: END_HEADERS) }
2026-02-06T01:21:14.533188Z DEBUG Connection{peer=Client}: h2::codec::framed_read: received frame=Data { stream_id: StreamId(75), flags: (0x1: END_STREAM) }
2026-02-06T01:21:14.533285Z DEBUG hyper::client::pool: reuse idle connection for ("https", api.telegram.org)
2026-02-06T01:21:14.533335Z DEBUG Connection{peer=Client}: h2::codec::framed_write: send frame=Headers { stream_id: StreamId(77), flags: (0x4: END_HEADERS) }
2026-02-06T01:21:14.533356Z DEBUG Connection{peer=Client}: h2::codec::framed_write: send frame=Data { stream_id: StreamId(77), flags: (0x1: END_STREAM) }
2026-02-06T01:21:14.707982Z DEBUG Connection{peer=Client}: h2::codec::framed_read: received frame=WindowUpdate { stream_id: StreamId(77), size_increment: 2147418111 }
2026-02-06T01:21:24.709689Z DEBUG Connection{peer=Client}: h2::codec::framed_read: received frame=Headers { stream_id: StreamId(77), flags: (0x4: END_HEADERS) }
2026-02-06T01:21:24.709776Z DEBUG Connection{peer=Client}: h2::codec::framed_read: received frame=Data { stream_id: StreamId(77), flags: (0x1: END_STREAM) }
2026-02-06T01:21:24.709873Z DEBUG hyper::client::pool: reuse idle connection for ("https", api.telegram.org)
2026-02-06T01:21:24.709933Z DEBUG Connection{peer=Client}: h2::codec::framed_write: send frame=Headers { stream_id: StreamId(79), flags: (0x4: END_HEADERS) }
2026-02-06T01:21:24.709966Z DEBUG Connection{peer=Client}: h2::codec::framed_write: send frame=Data { stream_id: StreamId(79), flags: (0x1: END_STREAM) }
2026-02-06T01:21:24.884606Z DEBUG Connection{peer=Client}: h2::codec::framed_read: received frame=WindowUpdate { stream_id: StreamId(79), size_increment: 2147418111 }
2026-02-06T01:21:34.885595Z DEBUG Connection{peer=Client}: h2::codec::framed_read: received frame=Headers { stream_id: StreamId(79), flags: (0x4: END_HEADERS) }
2026-02-06T01:21:34.885645Z DEBUG Connection{peer=Client}: h2::codec::framed_read: received frame=Data { stream_id: StreamId(79), flags: (0x1: END_STREAM) }
2026-02-06T01:21:34.885745Z DEBUG hyper::client::pool: reuse idle connection for ("https", api.telegram.org)
2026-02-06T01:21:34.885794Z DEBUG Connection{peer=Client}: h2::codec::framed_write: send frame=Headers { stream_id: StreamId(81), flags: (0x4: END_HEADERS) }
2026-02-06T01:21:34.885811Z DEBUG Connection{peer=Client}: h2::codec::framed_write: send frame=Data { stream_id: StreamId(81), flags: (0x1: END_STREAM) }
2026-02-06T01:21:35.060555Z DEBUG Connection{peer=Client}: h2::codec::framed_read: received frame=WindowUpdate { stream_id: StreamId(81), size_increment: 2147418111 }
2026-02-06T01:21:45.061907Z DEBUG Connection{peer=Client}: h2::codec::framed_read: received frame=Headers { stream_id: StreamId(81), flags: (0x4: END_HEADERS) }
2026-02-06T01:21:45.061974Z DEBUG Connection{peer=Client}: h2::codec::framed_read: received frame=Data { stream_id: StreamId(81), flags: (0x1: END_STREAM) }
2026-02-06T01:21:45.062156Z DEBUG hyper::client::pool: reuse idle connection for ("https", api.telegram.org)
2026-02-06T01:21:45.062250Z DEBUG Connection{peer=Client}: h2::codec::framed_write: send frame=Headers { stream_id: StreamId(83), flags: (0x4: END_HEADERS) }
2026-02-06T01:21:45.062320Z DEBUG Connection{peer=Client}: h2::codec::framed_write: send frame=Data { stream_id: StreamId(83), flags: (0x1: END_STREAM) }
2026-02-06T01:21:45.236982Z DEBUG Connection{peer=Client}: h2::codec::framed_read: received frame=WindowUpdate { stream_id: StreamId(83), size_increment: 2147418111 }
2026-02-06T01:21:55.238563Z DEBUG Connection{peer=Client}: h2::codec::framed_read: received frame=Headers { stream_id: StreamId(83), flags: (0x4: END_HEADERS) }
2026-02-06T01:21:55.238627Z DEBUG Connection{peer=Client}: h2::codec::framed_read: received frame=Data { stream_id: StreamId(83), flags: (0x1: END_STREAM) }
2026-02-06T01:21:55.238767Z DEBUG hyper::client::pool: reuse idle connection for ("https", api.telegram.org)
2026-02-06T01:21:55.238843Z DEBUG Connection{peer=Client}: h2::codec::framed_write: send frame=Headers { stream_id: StreamId(85), flags: (0x4: END_HEADERS) }
2026-02-06T01:21:55.238878Z DEBUG Connection{peer=Client}: h2::codec::framed_write: send frame=Data { stream_id: StreamId(85), flags: (0x1: END_STREAM) }
2026-02-06T01:21:55.413672Z DEBUG Connection{peer=Client}: h2::codec::framed_read: received frame=WindowUpdate { stream_id: StreamId(85), size_increment: 2147418111 }
2026-02-06T01:22:05.414371Z DEBUG Connection{peer=Client}: h2::codec::framed_read: received frame=Headers { stream_id: StreamId(85), flags: (0x4: END_HEADERS) }
2026-02-06T01:22:05.414422Z DEBUG Connection{peer=Client}: h2::codec::framed_read: received frame=Data { stream_id: StreamId(85), flags: (0x1: END_STREAM) }
2026-02-06T01:22:05.414534Z DEBUG hyper::client::pool: reuse idle connection for ("https", api.telegram.org)
2026-02-06T01:22:05.414605Z DEBUG Connection{peer=Client}: h2::codec::framed_write: send frame=Headers { stream_id: StreamId(87), flags: (0x4: END_HEADERS) }
2026-02-06T01:22:05.414664Z DEBUG Connection{peer=Client}: h2::codec::framed_write: send frame=Data { stream_id: StreamId(87), flags: (0x1: END_STREAM) }
2026-02-06T01:22:05.589262Z DEBUG Connection{peer=Client}: h2::codec::framed_read: received frame=WindowUpdate { stream_id: StreamId(87), size_increment: 2147418111 }
2026-02-06T01:22:15.590514Z DEBUG Connection{peer=Client}: h2::codec::framed_read: received frame=Headers { stream_id: StreamId(87), flags: (0x4: END_HEADERS) }
2026-02-06T01:22:15.590572Z DEBUG Connection{peer=Client}: h2::codec::framed_read: received frame=Data { stream_id: StreamId(87), flags: (0x1: END_STREAM) }
2026-02-06T01:22:15.590673Z DEBUG hyper::client::pool: reuse idle connection for ("https", api.telegram.org)
2026-02-06T01:22:15.590722Z DEBUG Connection{peer=Client}: h2::codec::framed_write: send frame=Headers { stream_id: StreamId(89), flags: (0x4: END_HEADERS) }
2026-02-06T01:22:15.590740Z DEBUG Connection{peer=Client}: h2::codec::framed_write: send frame=Data { stream_id: StreamId(89), flags: (0x1: END_STREAM) }
2026-02-06T01:22:15.765337Z DEBUG Connection{peer=Client}: h2::codec::framed_read: received frame=WindowUpdate { stream_id: StreamId(89), size_increment: 2147418111 }
2026-02-06T01:22:25.766594Z DEBUG Connection{peer=Client}: h2::codec::framed_read: received frame=Headers { stream_id: StreamId(89), flags: (0x4: END_HEADERS) }
2026-02-06T01:22:25.766641Z DEBUG Connection{peer=Client}: h2::codec::framed_read: received frame=Data { stream_id: StreamId(89), flags: (0x1: END_STREAM) }
2026-02-06T01:22:25.766736Z DEBUG hyper::client::pool: reuse idle connection for ("https", api.telegram.org)
2026-02-06T01:22:25.766799Z DEBUG Connection{peer=Client}: h2::codec::framed_write: send frame=Headers { stream_id: StreamId(91), flags: (0x4: END_HEADERS) }
2026-02-06T01:22:25.766835Z DEBUG Connection{peer=Client}: h2::codec::framed_write: send frame=Data { stream_id: StreamId(91), flags: (0x1: END_STREAM) }
2026-02-06T01:22:25.942023Z DEBUG Connection{peer=Client}: h2::codec::framed_read: received frame=WindowUpdate { stream_id: StreamId(91), size_increment: 2147418111 }
2026-02-06T01:22:35.943378Z DEBUG Connection{peer=Client}: h2::codec::framed_read: received frame=Headers { stream_id: StreamId(91), flags: (0x4: END_HEADERS) }
2026-02-06T01:22:35.943430Z DEBUG Connection{peer=Client}: h2::codec::framed_read: received frame=Data { stream_id: StreamId(91), flags: (0x1: END_STREAM) }
2026-02-06T01:22:35.943543Z DEBUG hyper::client::pool: reuse idle connection for ("https", api.telegram.org)
2026-02-06T01:22:35.943595Z DEBUG Connection{peer=Client}: h2::codec::framed_write: send frame=Headers { stream_id: StreamId(93), flags: (0x4: END_HEADERS) }
2026-02-06T01:22:35.943617Z DEBUG Connection{peer=Client}: h2::codec::framed_write: send frame=Data { stream_id: StreamId(93), flags: (0x1: END_STREAM) }
2026-02-06T01:22:36.118184Z DEBUG Connection{peer=Client}: h2::codec::framed_read: received frame=WindowUpdate { stream_id: StreamId(93), size_increment: 2147418111 }
2026-02-06T01:22:46.119140Z DEBUG Connection{peer=Client}: h2::codec::framed_read: received frame=Headers { stream_id: StreamId(93), flags: (0x4: END_HEADERS) }
2026-02-06T01:22:46.119190Z DEBUG Connection{peer=Client}: h2::codec::framed_read: received frame=Data { stream_id: StreamId(93), flags: (0x1: END_STREAM) }
2026-02-06T01:22:46.119295Z DEBUG hyper::client::pool: reuse idle connection for ("https", api.telegram.org)
2026-02-06T01:22:46.119340Z DEBUG Connection{peer=Client}: h2::codec::framed_write: send frame=Headers { stream_id: StreamId(95), flags: (0x4: END_HEADERS) }
2026-02-06T01:22:46.119365Z DEBUG Connection{peer=Client}: h2::codec::framed_write: send frame=Data { stream_id: StreamId(95), flags: (0x1: END_STREAM) }
2026-02-06T01:22:46.293956Z DEBUG Connection{peer=Client}: h2::codec::framed_read: received frame=WindowUpdate { stream_id: StreamId(95), size_increment: 2147418111 }
